{"name":"startBrowser","status":"broken","statusDetails":{"known":false,"muted":false,"flaky":false,"message":"Timed out waiting for driver server to start.\nBuild info: version: '4.0.0-alpha-4', revision: 'c2d955b49e'\nSystem info: host: 'apples-MacBook-Pro.local', ip: '192.168.1.20', os.name: 'Mac OS X', os.arch: 'x86_64', os.version: '10.15.4', java.version: '1.8.0_231'\nDriver info: driver.version: ChromeDriver","trace":"org.openqa.selenium.WebDriverException: Timed out waiting for driver server to start.\nBuild info: version: '4.0.0-alpha-4', revision: 'c2d955b49e'\nSystem info: host: 'apples-MacBook-Pro.local', ip: '192.168.1.20', os.name: 'Mac OS X', os.arch: 'x86_64', os.version: '10.15.4', java.version: '1.8.0_231'\nDriver info: driver.version: ChromeDriver\n\tat org.openqa.selenium.remote.service.DriverService.waitUntilAvailable(DriverService.java:214)\n\tat org.openqa.selenium.remote.service.DriverService.start(DriverService.java:196)\n\tat org.openqa.selenium.remote.service.DriverCommandExecutor.execute(DriverCommandExecutor.java:79)\n\tat org.openqa.selenium.remote.RemoteWebDriver.execute(RemoteWebDriver.java:582)\n\tat org.openqa.selenium.remote.RemoteWebDriver.startSession(RemoteWebDriver.java:216)\n\tat org.openqa.selenium.remote.RemoteWebDriver.<init>(RemoteWebDriver.java:136)\n\tat org.openqa.selenium.chromium.ChromiumDriver.<init>(ChromiumDriver.java:75)\n\tat org.openqa.selenium.chrome.ChromeDriver.<init>(ChromeDriver.java:163)\n\tat org.openqa.selenium.chrome.ChromeDriver.<init>(ChromeDriver.java:150)\n\tat org.openqa.selenium.chrome.ChromeDriver.<init>(ChromeDriver.java:105)\n\tat WebAutomation.SampleTest.startBrowser(SampleTest.java:26)\n\tat sun.reflect.NativeMethodAccessorImpl.invoke0(Native Method)\n\tat sun.reflect.NativeMethodAccessorImpl.invoke(NativeMethodAccessorImpl.java:62)\n\tat sun.reflect.DelegatingMethodAccessorImpl.invoke(DelegatingMethodAccessorImpl.java:43)\n\tat java.lang.reflect.Method.invoke(Method.java:498)\n\tat org.testng.internal.MethodInvocationHelper.invokeMethod(MethodInvocationHelper.java:124)\n\tat org.testng.internal.MethodInvocationHelper.invokeMethodConsideringTimeout(MethodInvocationHelper.java:59)\n\tat org.testng.internal.Invoker.invokeConfigurationMethod(Invoker.java:458)\n\tat org.testng.internal.Invoker.invokeConfigurations(Invoker.java:222)\n\tat org.testng.internal.Invoker.invokeConfigurations(Invoker.java:142)\n\tat org.testng.TestRunner.beforeRun(TestRunner.java:529)\n\tat org.testng.TestRunner.run(TestRunner.java:497)\n\tat org.testng.SuiteRunner.runTest(SuiteRunner.java:455)\n\tat org.testng.SuiteRunner.runSequentially(SuiteRunner.java:450)\n\tat org.testng.SuiteRunner.privateRun(SuiteRunner.java:415)\n\tat org.testng.SuiteRunner.run(SuiteRunner.java:364)\n\tat org.testng.SuiteRunnerWorker.runSuite(SuiteRunnerWorker.java:52)\n\tat org.testng.SuiteRunnerWorker.run(SuiteRunnerWorker.java:84)\n\tat org.testng.TestNG.runSuitesSequentially(TestNG.java:1208)\n\tat org.testng.TestNG.runSuitesLocally(TestNG.java:1137)\n\tat org.testng.TestNG.runSuites(TestNG.java:1049)\n\tat org.testng.TestNG.run(TestNG.java:1017)\n\tat com.intellij.rt.testng.IDEARemoteTestNG.run(IDEARemoteTestNG.java:66)\n\tat com.intellij.rt.testng.RemoteTestNGStarter.main(RemoteTestNGStarter.java:110)\nCaused by: org.openqa.selenium.net.UrlChecker$TimeoutException: Timed out waiting for [http://localhost:10706/status] to be available after 20005 ms\n\tat org.openqa.selenium.net.UrlChecker.waitUntilAvailable(UrlChecker.java:86)\n\tat org.openqa.selenium.remote.service.DriverService.waitUntilAvailable(DriverService.java:209)\n\t... 33 more\nCaused by: java.util.concurrent.TimeoutException\n\tat java.util.concurrent.FutureTask.get(FutureTask.java:205)\n\tat org.openqa.selenium.net.UrlChecker.waitUntilAvailable(UrlChecker.java:84)\n\t... 34 more\n"},"stage":"finished","steps":[],"attachments":[],"parameters":[],"start":1590618953207,"stop":1590618953209,"uuid":"d2fa8a8c-dc9d-4857-b275-1fb6430b5c99","historyId":"e38083f69a93b86cc46dd62546b469bd","fullName":"WebAutomation.SampleTest.startBrowser","labels":[{"name":"package","value":"WebAutomation.SampleTest"},{"name":"testClass","value":"WebAutomation.SampleTest"},{"name":"testMethod","value":"startBrowser"},{"name":"parentSuite","value":"Default Suite"},{"name":"suite","value":"DevPreactice"},{"name":"subSuite","value":"WebAutomation.SampleTest"},{"name":"host","value":"apples-MacBook-Pro.local"},{"name":"thread","value":"1000@apples-MacBook-Pro.local.main(1)"},{"name":"framework","value":"testng"},{"name":"language","value":"java"}],"links":[]}